d:\qt\baidumap\baidumapapp\baidumapapp\x64\debug\uic\ui_baidumapapp.h
d:\qt\baidumap\baidumapapp\baidumapapp\x64\debug\rcc\qrc_baidumapapp.cpp
d:\qt\baidumap\baidumapapp\baidumapapp\x64\debug\moc\moc_baidumapapp.cpp
d:\qt\baidumap\baidumapapp\baidumapapp\x64\debug\main.obj
d:\qt\baidumap\baidumapapp\baidumapapp\x64\debug\baidumapapp.obj
d:\qt\baidumap\baidumapapp\baidumapapp\x64\debug\vc142.pdb
d:\qt\baidumap\baidumapapp\baidumapapp\x64\debug\moc_baidumapapp.obj
d:\qt\baidumap\baidumapapp\baidumapapp\x64\debug\qrc_baidumapapp.obj
d:\qt\baidumap\baidumapapp\x64\debug\baidumapapp.ilk
d:\qt\baidumap\baidumapapp\x64\debug\baidumapapp.exe
d:\qt\baidumap\baidumapapp\x64\debug\baidumapapp.pdb
d:\qt\baidumap\baidumapapp\baidumapapp\x64\debug\\moc\moc_baidumapapp.cpp
d:\qt\baidumap\baidumapapp\baidumapapp\x64\debug\\rcc\qrc_baidumapapp.cpp
d:\qt\baidumap\baidumapapp\baidumapapp\x64\debug\\uic\ui_baidumapapp.h
d:\qt\baidumap\baidumapapp\baidumapapp\x64\debug\baidumapapp.tlog\baidumapapp.write.1u.tlog
d:\qt\baidumap\baidumapapp\baidumapapp\x64\debug\baidumapapp.tlog\cl.10188.write.1.tlog
d:\qt\baidumap\baidumapapp\baidumapapp\x64\debug\baidumapapp.tlog\cl.command.1.tlog
d:\qt\baidumap\baidumapapp\baidumapapp\x64\debug\baidumapapp.tlog\cl.read.1.tlog
d:\qt\baidumap\baidumapapp\baidumapapp\x64\debug\baidumapapp.tlog\link.command.1.tlog
d:\qt\baidumap\baidumapapp\baidumapapp\x64\debug\baidumapapp.tlog\link.read.1.tlog
d:\qt\baidumap\baidumapapp\baidumapapp\x64\debug\baidumapapp.tlog\link.write.1.tlog
d:\qt\baidumap\baidumapapp\baidumapapp\x64\debug\baidumapapp.tlog\moc.read.1u.tlog
d:\qt\baidumap\baidumapapp\baidumapapp\x64\debug\baidumapapp.tlog\moc.write.1u.tlog
d:\qt\baidumap\baidumapapp\baidumapapp\x64\debug\baidumapapp.tlog\rcc.read.1u.tlog
d:\qt\baidumap\baidumapapp\baidumapapp\x64\debug\baidumapapp.tlog\rcc.write.1u.tlog
d:\qt\baidumap\baidumapapp\baidumapapp\x64\debug\baidumapapp.tlog\uic.read.1u.tlog
d:\qt\baidumap\baidumapapp\baidumapapp\x64\debug\baidumapapp.tlog\uic.write.1u.tlog
